<?xml version="1.0" encoding="UTF-8"?>
<!-- Generated by org.testng.reporters.JUnitXMLReporter -->
<testsuite ignored="1" hostname="DESKTOP-SGDSSG9" failures="1" tests="3" name="Test" time="3.551" errors="0" timestamp="2021-09-10T07:43:59 IST">
  <testcase classname="SeleniumAuto.MarutiCar" name="openUrl" time="3.483">
    <failure type="org.openqa.selenium.WebDriverException" message="unknown error: cannot find Chrome binary
Build info: version: &amp;apos;4.0.0-alpha-4&amp;apos;, revision: &amp;apos;c2d955b49e&amp;apos;
System info: host: &amp;apos;DESKTOP-SGDSSG9&amp;apos;, ip: &amp;apos;192.168.0.5&amp;apos;, os.name: &amp;apos;Windows 10&amp;apos;, os.arch: &amp;apos;amd64&amp;apos;, os.version: &amp;apos;10.0&amp;apos;, java.version: &amp;apos;15.0.2&amp;apos;
Driver info: driver.version: ChromeDriver
remote stacktrace: Backtrace:
	Ordinal0 [0x00AD87E3+2852835]
	Ordinal0 [0x009C5BB1+1727409]
	Ordinal0 [0x0089E4B9+517305]
	Ordinal0 [0x0082CA98+51864]
	Ordinal0 [0x0084D9F7+186871]
	Ordinal0 [0x0084D7FD+186365]
	Ordinal0 [0x0084B70B+177931]
	Ordinal0 [0x00832584+75140]
	Ordinal0 [0x00833650+79440]
	Ordinal0 [0x008335E9+79337]
	Ordinal0 [0x009DAD5C+1813852]
	GetHandleVerifier [0x00BFC616+1075574]
	GetHandleVerifier [0x00BFC367+1074887]
	GetHandleVerifier [0x00C07497+1120247]
	GetHandleVerifier [0x00BFCC16+1077110]
	Ordinal0 [0x009D3206+1782278]
	Ordinal0 [0x009DC3BB+1819579]
	Ordinal0 [0x009DC523+1819939]
	Ordinal0 [0x009F2B45+1911621]
	BaseThreadInitThunk [0x7613FA29+25]
	RtlGetAppContainerNamedObjectPath [0x776175F4+228]
	RtlGetAppContainerNamedObjectPath [0x776175C4+180]
">
      <![CDATA[org.openqa.selenium.WebDriverException: unknown error: cannot find Chrome binary
Build info: version: '4.0.0-alpha-4', revision: 'c2d955b49e'
System info: host: 'DESKTOP-SGDSSG9', ip: '192.168.0.5', os.name: 'Windows 10', os.arch: 'amd64', os.version: '10.0', java.version: '15.0.2'
Driver info: driver.version: ChromeDriver
remote stacktrace: Backtrace:
Ordinal0 [0x00AD87E3+2852835]
Ordinal0 [0x009C5BB1+1727409]
Ordinal0 [0x0089E4B9+517305]
Ordinal0 [0x0082CA98+51864]
Ordinal0 [0x0084D9F7+186871]
Ordinal0 [0x0084D7FD+186365]
Ordinal0 [0x0084B70B+177931]
Ordinal0 [0x00832584+75140]
Ordinal0 [0x00833650+79440]
Ordinal0 [0x008335E9+79337]
Ordinal0 [0x009DAD5C+1813852]
GetHandleVerifier [0x00BFC616+1075574]
GetHandleVerifier [0x00BFC367+1074887]
GetHandleVerifier [0x00C07497+1120247]
GetHandleVerifier [0x00BFCC16+1077110]
Ordinal0 [0x009D3206+1782278]
Ordinal0 [0x009DC3BB+1819579]
Ordinal0 [0x009DC523+1819939]
Ordinal0 [0x009F2B45+1911621]
BaseThreadInitThunk [0x7613FA29+25]
RtlGetAppContainerNamedObjectPath [0x776175F4+228]
RtlGetAppContainerNamedObjectPath [0x776175C4+180]

at org.openqa.selenium.remote.W3CHandshakeResponse.lambda$errorHandler$0(W3CHandshakeResponse.java:62)
at org.openqa.selenium.remote.HandshakeResponse.lambda$getResponseFunction$0(HandshakeResponse.java:30)
at org.openqa.selenium.remote.ProtocolHandshake.lambda$createSession$1(ProtocolHandshake.java:126)
at java.base/java.util.stream.ReferencePipeline$3$1.accept(ReferencePipeline.java:195)
at java.base/java.util.Spliterators$ArraySpliterator.tryAdvance(Spliterators.java:958)
at java.base/java.util.stream.ReferencePipeline.forEachWithCancel(ReferencePipeline.java:127)
at java.base/java.util.stream.AbstractPipeline.copyIntoWithCancel(AbstractPipeline.java:502)
at java.base/java.util.stream.AbstractPipeline.copyInto(AbstractPipeline.java:488)
at java.base/java.util.stream.AbstractPipeline.wrapAndCopyInto(AbstractPipeline.java:474)
at java.base/java.util.stream.FindOps$FindOp.evaluateSequential(FindOps.java:150)
at java.base/java.util.stream.AbstractPipeline.evaluate(AbstractPipeline.java:234)
at java.base/java.util.stream.ReferencePipeline.findFirst(ReferencePipeline.java:543)
at org.openqa.selenium.remote.ProtocolHandshake.createSession(ProtocolHandshake.java:128)
at org.openqa.selenium.remote.ProtocolHandshake.createSession(ProtocolHandshake.java:75)
at org.openqa.selenium.remote.HttpCommandExecutor.execute(HttpCommandExecutor.java:139)
at org.openqa.selenium.remote.service.DriverCommandExecutor.execute(DriverCommandExecutor.java:83)
at org.openqa.selenium.remote.RemoteWebDriver.execute(RemoteWebDriver.java:582)
at org.openqa.selenium.remote.RemoteWebDriver.startSession(RemoteWebDriver.java:216)
at org.openqa.selenium.remote.RemoteWebDriver.<init>(RemoteWebDriver.java:136)
at org.openqa.selenium.chromium.ChromiumDriver.<init>(ChromiumDriver.java:75)
at org.openqa.selenium.chrome.ChromeDriver.<init>(ChromeDriver.java:163)
at org.openqa.selenium.chrome.ChromeDriver.<init>(ChromeDriver.java:150)
at org.openqa.selenium.chrome.ChromeDriver.<init>(ChromeDriver.java:105)
at SeleniumAuto.MarutiCar.openUrl(MarutiCar.java:48)
at java.base/java.util.ArrayList.forEach(ArrayList.java:1511)
... Removed 32 stack frames]]>
    </failure>
  </testcase> <!-- openUrl -->
  <testcase classname="SeleniumAuto.MarutiCar" name="servise" time="0.002"/>
  <testcase classname="SeleniumAuto.MarutiCar" name="welcome" time="0.003"/>
  <testcase classname="SeleniumAuto.MarutiCar" name="catlog" time="0.0">
    <ignored/>
  </testcase> <!-- catlog -->
</testsuite> <!-- Test -->
